[2022-07-23T05:55:54.082Z] Log level: Info
[2022-07-23T05:55:54.085Z] [info] Validating found git in: git
[2022-07-23T05:55:54.097Z] [info] Using git 2.35.1 from git
[2022-07-23T05:55:54.114Z] > git rev-parse --show-toplevel [6ms]
[2022-07-23T05:55:54.124Z] > git rev-parse --git-dir --git-common-dir [3ms]
[2022-07-23T05:55:54.129Z] [info] Open repository: /opt/lampp/htdocs/trackingT2
[2022-07-23T05:55:54.139Z] > git status -z -uall [3ms]
[2022-07-23T05:55:54.145Z] > git symbolic-ref --short HEAD [1ms]
[2022-07-23T05:55:54.151Z] > git for-each-ref --format=%(refname)%00%(upstream:short)%00%(objectname)%00%(upstream:track)%00%(upstream:remotename)%00%(upstream:remoteref) refs/heads/crud-cedis refs/remotes/crud-cedis [1ms]
[2022-07-23T05:55:54.163Z] > git remote --verbose [3ms]
[2022-07-23T05:55:54.163Z] > git for-each-ref --sort -committerdate --format %(refname) %(objectname) %(*objectname) [7ms]
[2022-07-23T05:55:54.175Z] > git config --get commit.template [1ms]
[2022-07-23T05:55:54.187Z] > git status -z -uall [3ms]
[2022-07-23T05:55:54.196Z] > git symbolic-ref --short HEAD [4ms]
[2022-07-23T05:55:54.202Z] > git for-each-ref --format=%(refname)%00%(upstream:short)%00%(objectname)%00%(upstream:track)%00%(upstream:remotename)%00%(upstream:remoteref) refs/heads/crud-cedis refs/remotes/crud-cedis [1ms]
[2022-07-23T05:55:54.211Z] > git for-each-ref --sort -committerdate --format %(refname) %(objectname) %(*objectname) [5ms]
[2022-07-23T05:55:54.212Z] > git remote --verbose [1ms]
[2022-07-23T05:55:54.220Z] > git config --get commit.template [1ms]
[2022-07-23T05:55:54.648Z] > git check-ignore -v -z --stdin [2ms]
[2022-07-23T05:55:56.220Z] > git check-ignore -v -z --stdin [1ms]
[2022-07-23T05:55:57.285Z] > git status -z -uall [3ms]
[2022-07-23T05:55:57.292Z] > git symbolic-ref --short HEAD [1ms]
[2022-07-23T05:55:57.297Z] > git for-each-ref --format=%(refname)%00%(upstream:short)%00%(objectname)%00%(upstream:track)%00%(upstream:remotename)%00%(upstream:remoteref) refs/heads/crud-cedis refs/remotes/crud-cedis [1ms]
[2022-07-23T05:55:57.306Z] > git for-each-ref --sort -committerdate --format %(refname) %(objectname) %(*objectname) [5ms]
[2022-07-23T05:55:57.306Z] > git remote --verbose [1ms]
[2022-07-23T05:55:57.316Z] > git config --get commit.template [1ms]
[2022-07-23T05:55:58.024Z] > git show --textconv :.env [7ms]
[2022-07-23T05:55:58.026Z] > git ls-files --stage -- /opt/lampp/htdocs/trackingT2/.env [3ms]
[2022-07-23T05:56:01.244Z] > git check-ignore -v -z --stdin [1ms]
[2022-07-23T05:56:03.754Z] > git status -z -uall [3ms]
[2022-07-23T05:56:03.760Z] > git symbolic-ref --short HEAD [2ms]
[2022-07-23T05:56:03.767Z] > git for-each-ref --format=%(refname)%00%(upstream:short)%00%(objectname)%00%(upstream:track)%00%(upstream:remotename)%00%(upstream:remoteref) refs/heads/crud-cedis refs/remotes/crud-cedis [1ms]
[2022-07-23T05:56:03.778Z] > git for-each-ref --sort -committerdate --format %(refname) %(objectname) %(*objectname) [5ms]
[2022-07-23T05:56:03.779Z] > git remote --verbose [2ms]
[2022-07-23T05:56:03.792Z] > git config --get commit.template [1ms]
[2022-07-23T05:56:08.802Z] > git status -z -uall [3ms]
[2022-07-23T05:56:08.809Z] > git symbolic-ref --short HEAD [1ms]
[2022-07-23T05:56:08.816Z] > git for-each-ref --format=%(refname)%00%(upstream:short)%00%(objectname)%00%(upstream:track)%00%(upstream:remotename)%00%(upstream:remoteref) refs/heads/crud-cedis refs/remotes/crud-cedis [1ms]
[2022-07-23T05:56:08.831Z] > git remote --verbose [3ms]
[2022-07-23T05:56:08.831Z] > git for-each-ref --sort -committerdate --format %(refname) %(objectname) %(*objectname) [9ms]
[2022-07-23T05:56:08.848Z] > git config --get commit.template [1ms]
[2022-07-23T05:56:13.858Z] > git status -z -uall [3ms]
[2022-07-23T05:56:13.863Z] > git symbolic-ref --short HEAD [1ms]
[2022-07-23T05:56:13.870Z] > git for-each-ref --format=%(refname)%00%(upstream:short)%00%(objectname)%00%(upstream:track)%00%(upstream:remotename)%00%(upstream:remoteref) refs/heads/crud-cedis refs/remotes/crud-cedis [1ms]
[2022-07-23T05:56:13.881Z] > git remote --verbose [1ms]
[2022-07-23T05:56:13.882Z] > git for-each-ref --sort -committerdate --format %(refname) %(objectname) %(*objectname) [6ms]
[2022-07-23T05:56:13.894Z] > git config --get commit.template [1ms]
[2022-07-23T05:56:56.680Z] > git status -z -uall [3ms]
[2022-07-23T05:56:56.685Z] > git symbolic-ref --short HEAD [1ms]
[2022-07-23T05:56:56.692Z] > git for-each-ref --format=%(refname)%00%(upstream:short)%00%(objectname)%00%(upstream:track)%00%(upstream:remotename)%00%(upstream:remoteref) refs/heads/crud-cedis refs/remotes/crud-cedis [1ms]
[2022-07-23T05:56:56.703Z] > git for-each-ref --sort -committerdate --format %(refname) %(objectname) %(*objectname) [6ms]
[2022-07-23T05:56:56.703Z] > git remote --verbose [1ms]
[2022-07-23T05:56:56.715Z] > git config --get commit.template [2ms]
